=== Banking System Execution Log ===
Timer thread started (tick interval: 100ms)

Tick 0:
  T1 started: BALANCE account 10
T1: Account 10 balance = PHP 500.00
  T2 started: BALANCE account 10
T2: Account 10 balance = PHP 500.00
  T3 started: BALANCE account 10
T3: Account 10 balance = PHP 500.00
  T4 started: BALANCE account 10
T4: Account 10 balance = PHP 500.00
Initial total: 115000
Final total: 115000
Conservation check: PASSED

=== Summary ===
Total transactions: 4
Committed: 4
Aborted: 0
Total ticks: 1

Detailed Metrics
=== Transaction Performance Metrics ===
TxID | StartTick | ActualStart | End | WaitTicks | Status
-----|-----------|-------------|-----|-----------|----------
T1   |       0   |          0 |   0 |        0   | COMMITTED
T2   |       0   |          0 |   0 |        0   | COMMITTED
T3   |       0   |          0 |   0 |        0   | COMMITTED
T4   |       0   |          0 |   0 |        0   | COMMITTED

Average wait time: 0.0 ticks
Throughput: 4 transactions / 1 ticks = 4.00 tx/tick

=== Buffer Pool Report ===
Pool size: 5 slots
Total loads: 4
Total unloads: 4
Peak usage: 1 slots
Blocked operations (pool full): 0
Account 0: 10000 centavos
Account 1: 25000 centavos
Account 10: 50000 centavos
Account 20: 30000 centavos
